[30Jan2025 11:49:57.430] [main/INFO] [cpw.mods.modlauncher.Launcher/MODLAUNCHER]: ModLauncher running: args [--launchTarget, forgeserver, --fml.forgeVersion, 43.4.2, --fml.mcVersion, 1.19.2, --fml.forgeGroup, net.minecraftforge, --fml.mcpVersion, 20220805.130853, nogui]
[30Jan2025 11:49:57.435] [main/INFO] [cpw.mods.modlauncher.Launcher/MODLAUNCHER]: ModLauncher 10.0.8+10.0.8+main.0ef7e830 starting: java version 17.0.13 by Ubuntu; OS Linux arch amd64 version 6.5.0-1025-azure
[30Jan2025 11:49:57.810] [main/INFO] [optifine.OptiFineTransformationService/]: OptiFineTransformationService.onLoad
[30Jan2025 11:49:57.811] [main/INFO] [optifine.OptiFineTransformationService/]: OptiFine ZIP file URL: union:/workspaces/MSP-3.0/servidor_minecraft/mods/OptiFine-OptiFine-1.19.2_HD_U_I1.jar%23126!/
[30Jan2025 11:49:57.816] [main/INFO] [optifine.OptiFineTransformationService/]: OptiFine ZIP file: /workspaces/MSP-3.0/servidor_minecraft/mods/OptiFine-OptiFine-1.19.2_HD_U_I1.jar
[30Jan2025 11:49:57.818] [main/INFO] [optifine.OptiFineTransformer/]: Target.PRE_CLASS is available
[30Jan2025 11:49:57.866] [main/INFO] [mixin/]: SpongePowered MIXIN Subsystem Version=0.8.5 Source=union:/workspaces/MSP-3.0/servidor_minecraft/libraries/org/spongepowered/mixin/0.8.5/mixin-0.8.5.jar%2363!/ Service=ModLauncher Env=SERVER
[30Jan2025 11:49:57.875] [main/INFO] [optifine.OptiFineTransformationService/]: OptiFineTransformationService.initialize
[30Jan2025 11:49:58.225] [main/WARN] [net.minecraftforge.fml.loading.moddiscovery.ModFileParser/LOADING]: Mod file /workspaces/MSP-3.0/servidor_minecraft/libraries/net/minecraftforge/fmlcore/1.19.2-43.4.2/fmlcore-1.19.2-43.4.2.jar is missing mods.toml file
[30Jan2025 11:49:58.227] [main/WARN] [net.minecraftforge.fml.loading.moddiscovery.ModFileParser/LOADING]: Mod file /workspaces/MSP-3.0/servidor_minecraft/libraries/net/minecraftforge/javafmllanguage/1.19.2-43.4.2/javafmllanguage-1.19.2-43.4.2.jar is missing mods.toml file
[30Jan2025 11:49:58.229] [main/WARN] [net.minecraftforge.fml.loading.moddiscovery.ModFileParser/LOADING]: Mod file /workspaces/MSP-3.0/servidor_minecraft/libraries/net/minecraftforge/lowcodelanguage/1.19.2-43.4.2/lowcodelanguage-1.19.2-43.4.2.jar is missing mods.toml file
[30Jan2025 11:49:58.230] [main/WARN] [net.minecraftforge.fml.loading.moddiscovery.ModFileParser/LOADING]: Mod file /workspaces/MSP-3.0/servidor_minecraft/libraries/net/minecraftforge/mclanguage/1.19.2-43.4.2/mclanguage-1.19.2-43.4.2.jar is missing mods.toml file
[30Jan2025 11:49:58.421] [main/INFO] [net.minecraftforge.fml.loading.moddiscovery.JarInJarDependencyLocator/]: Found 5 dependencies adding them to mods collection
[30Jan2025 11:49:58.939] [main/INFO] [optifine.OptiFineTransformationService/]: OptiFineTransformationService.transformers
[30Jan2025 11:49:58.952] [main/INFO] [optifine.OptiFineTransformer/]: Targets: 386
[30Jan2025 11:49:59.477] [main/INFO] [optifine.OptiFineTransformationService/]: additionalClassesLocator: [optifine., net.optifine.]
[30Jan2025 11:49:59.923] [main/INFO] [mixin/]: Compatibility level set to JAVA_17
[30Jan2025 11:49:59.934] [main/ERROR] [mixin/]: Mixin config justhammers.mixins.json does not specify "minVersion" property
[30Jan2025 11:50:00.012] [main/INFO] [mixin/]: Successfully loaded Mixin Connector [org.tlauncher.MixinConnector]
[30Jan2025 11:50:00.021] [main/INFO] [cpw.mods.modlauncher.LaunchServiceHandler/MODLAUNCHER]: Launching target 'forgeserver' with arguments [nogui]
[30Jan2025 11:50:00.049] [main/WARN] [mixin/]: Reference map 'justhammers-forge-forge-refmap.json' for justhammers.mixins.json could not be read. If this is a development environment you can ignore this message
[30Jan2025 11:50:00.095] [main/WARN] [mixin/]: Reference map 'chiselsandbits.refmap.json' for chisels-and-bits.mixins.json could not be read. If this is a development environment you can ignore this message
[30Jan2025 11:50:00.626] [main/WARN] [mixin/]: Error loading class: noobanidus/mods/lootr/config/ConfigManager (java.lang.ClassNotFoundException: noobanidus.mods.lootr.config.ConfigManager)
[30Jan2025 11:50:00.881] [main/ERROR] [net.minecraftforge.fml.loading.RuntimeDistCleaner/DISTXFORM]: Attempted to load class net/minecraft/client/gui/screens/Screen for invalid dist DEDICATED_SERVER
[30Jan2025 11:50:00.882] [main/WARN] [mixin/]: Error loading class: net/minecraft/client/gui/screens/TitleScreen (java.lang.RuntimeException: Attempted to load class net/minecraft/client/gui/screens/Screen for invalid dist DEDICATED_SERVER)
[30Jan2025 11:50:00.882] [main/WARN] [mixin/]: @Mixin target net.minecraft.client.gui.screens.TitleScreen was not found tlskincape-mixins.json:MixinMainMenu
[30Jan2025 11:50:00.896] [main/WARN] [mixin/]: Error loading class: net/minecraft/client/model/PlayerModel (java.lang.ClassNotFoundException: net.minecraft.client.model.PlayerModel)
[30Jan2025 11:50:00.896] [main/WARN] [mixin/]: @Mixin target net.minecraft.client.model.PlayerModel was not found tlskincape-mixins.json:MixinPlayerModel
